<?xml version="1.0" encoding="UTF-8"?>
<!-- Generated by org.testng.reporters.JUnitReportReporter -->
<testsuite hostname="DESKTOP-RSTR5O7" failures="0" tests="4" name="api.test.UserTests" time="9.932" errors="0" timestamp="2022-12-25T11:09:44 IST" skipped="0">
  <testcase classname="api.test.UserTests" name="testPostUser" time="4.736"/>
  <system-out/>
  <testcase classname="api.test.UserTests" name="testGetUserByName" time="1.296"/>
  <system-out/>
  <testcase classname="api.test.UserTests" name="testUpdateUserByName" time="2.593"/>
  <system-out/>
  <testcase classname="api.test.UserTests" name="testDeleteUserByName" time="1.307"/>
  <system-out/>
</testsuite> <!-- api.test.UserTests -->
