<?xml version="1.0" encoding="UTF-8"?>
<!-- Generated by org.testng.reporters.JUnitReportReporter -->
<testsuite hostname="DESKTOP-RSTR5O7" failures="0" tests="4" name="api.test.UserTests2" time="9.972" errors="0" timestamp="2022-12-25T16:11:46 IST" skipped="0">
  <testcase classname="api.test.UserTests2" name="testPostUser" time="4.657"/>
  <system-out/>
  <testcase classname="api.test.UserTests2" name="testGetUserByName" time="1.349"/>
  <system-out/>
  <testcase classname="api.test.UserTests2" name="testUpdateUserByName" time="2.615"/>
  <system-out/>
  <testcase classname="api.test.UserTests2" name="testDeleteUserByName" time="1.351"/>
  <system-out/>
</testsuite> <!-- api.test.UserTests2 -->
