<?xml version="1.0" encoding="UTF-8"?>
<!-- Generated by org.testng.reporters.JUnitReportReporter -->
<testsuite hostname="DESKTOP-RSTR5O7" failures="0" tests="8" name="api.test.DDTests" time="13.153" errors="0" timestamp="2022-12-25T16:14:09 IST" skipped="0">
  <testcase classname="api.test.DDTests" name="testPostuser" time="4.229"/>
  <system-out/>
  <testcase classname="api.test.DDTests" name="testPostuser" time="1.270"/>
  <system-out/>
  <testcase classname="api.test.DDTests" name="testPostuser" time="1.240"/>
  <system-out/>
  <testcase classname="api.test.DDTests" name="testPostuser" time="1.279"/>
  <system-out/>
  <testcase classname="api.test.DDTests" name="testDeleteUserByName" time="1.340"/>
  <system-out/>
  <testcase classname="api.test.DDTests" name="testDeleteUserByName" time="1.294"/>
  <system-out/>
  <testcase classname="api.test.DDTests" name="testDeleteUserByName" time="1.244"/>
  <system-out/>
  <testcase classname="api.test.DDTests" name="testDeleteUserByName" time="1.257"/>
  <system-out/>
</testsuite> <!-- api.test.DDTests -->
